# JRE version: OpenJDK Runtime Environment (11.0.10) (build 11.0.10+0-b96-7249189)
# Java VM: OpenJDK 64-Bit Server VM (11.0.10+0-b96-7249189, mixed mode, tiered, compressed oops, g1 gc, windows-amd64)
Heap:
 garbage-first heap   total 407552K, used 237018K [0x00000000a0000000, 0x0000000100000000)
  region size 1024K, 13 young (13312K), 6 survivors (6144K)
 Metaspace       used 143929K, capacity 148424K, committed 148604K, reserved 1187840K
  class space    used 18040K, capacity 19609K, committed 19660K, reserved 1048576K
GC Heap History (20 events):
Event: 136.630 GC heap before
{Heap before GC invocations=145 (full 0):
 garbage-first heap   total 347136K, used 267528K [0x00000000a0000000, 0x0000000100000000)
  region size 1024K, 74 young (75776K), 2 survivors (2048K)
 Metaspace       used 138726K, capacity 143145K, committed 143356K, reserved 1173504K
  class space    used 17498K, capacity 18971K, committed 19020K, reserved 1048576K
}
Event: 136.634 GC heap after
{Heap after GC invocations=146 (full 0):
 garbage-first heap   total 347136K, used 197842K [0x00000000a0000000, 0x0000000100000000)
  region size 1024K, 5 young (5120K), 5 survivors (5120K)
 Metaspace       used 138726K, capacity 143145K, committed 143356K, reserved 1173504K
  class space    used 17498K, capacity 18971K, committed 19020K, reserved 1048576K
}
Event: 136.649 GC heap before
{Heap before GC invocations=146 (full 0):
 garbage-first heap   total 347136K, used 209106K [0x00000000a0000000, 0x0000000100000000)
  region size 1024K, 16 young (16384K), 5 survivors (5120K)
 Metaspace       used 138740K, capacity 143148K, committed 143356K, reserved 1173504K
  class space    used 17498K, capacity 18971K, committed 19020K, reserved 1048576K
}
Event: 136.653 GC heap after
{Heap after GC invocations=147 (full 0):
 garbage-first heap   total 347136K, used 193449K [0x00000000a0000000, 0x0000000100000000)
  region size 1024K, 2 young (2048K), 2 survivors (2048K)
 Metaspace       used 138740K, capacity 143148K, committed 143356K, reserved 1173504K
  class space    used 17498K, capacity 18971K, committed 19020K, reserved 1048576K
}
Event: 136.808 GC heap before
{Heap before GC invocations=147 (full 0):
 garbage-first heap   total 347136K, used 241577K [0x00000000a0000000, 0x0000000100000000)
  region size 1024K, 51 young (52224K), 2 survivors (2048K)
 Metaspace       used 138782K, capacity 143156K, committed 143356K, reserved 1173504K
  class space    used 17499K, capacity 18972K, committed 19020K, reserved 1048576K
}
Event: 136.819 GC heap after
{Heap after GC invocations=148 (full 0):
 garbage-first heap   total 347136K, used 196084K [0x00000000a0000000, 0x0000000100000000)
  region size 1024K, 4 young (4096K), 4 survivors (4096K)
 Metaspace       used 138782K, capacity 143156K, committed 143356K, reserved 1173504K
  class space    used 17499K, capacity 18972K, committed 19020K, reserved 1048576K
}
Event: 137.105 GC heap before
{Heap before GC invocations=149 (full 0):
 garbage-first heap   total 347136K, used 276980K [0x00000000a0000000, 0x0000000100000000)
  region size 1024K, 83 young (84992K), 4 survivors (4096K)
 Metaspace       used 138806K, capacity 143160K, committed 143356K, reserved 1173504K
  class space    used 17499K, capacity 18972K, committed 19020K, reserved 1048576K
}
Event: 137.110 GC heap after
{Heap after GC invocations=150 (full 0):
 garbage-first heap   total 347136K, used 196944K [0x00000000a0000000, 0x0000000100000000)
  region size 1024K, 5 young (5120K), 5 survivors (5120K)
 Metaspace       used 138806K, capacity 143160K, committed 143356K, reserved 1173504K
  class space    used 17499K, capacity 18972K, committed 19020K, reserved 1048576K
}
Event: 137.128 GC heap before
{Heap before GC invocations=150 (full 0):
 garbage-first heap   total 347136K, used 207184K [0x00000000a0000000, 0x0000000100000000)
  region size 1024K, 16 young (16384K), 5 survivors (5120K)
 Metaspace       used 138809K, capacity 143160K, committed 143356K, reserved 1173504K
  class space    used 17499K, capacity 18972K, committed 19020K, reserved 1048576K
}
Event: 137.131 GC heap after
{Heap after GC invocations=151 (full 0):
 garbage-first heap   total 347136K, used 194231K [0x00000000a0000000, 0x0000000100000000)
  region size 1024K, 2 young (2048K), 2 survivors (2048K)
 Metaspace       used 138809K, capacity 143160K, committed 143356K, reserved 1173504K
  class space    used 17499K, capacity 18972K, committed 19020K, reserved 1048576K
}
Event: 137.967 GC heap before
{Heap before GC invocations=151 (full 0):
 garbage-first heap   total 347136K, used 278199K [0x00000000a0000000, 0x0000000100000000)
  region size 1024K, 85 young (87040K), 2 survivors (2048K)
 Metaspace       used 139905K, capacity 144330K, committed 144636K, reserved 1175552K
  class space    used 17639K, capacity 19189K, committed 19276K, reserved 1048576K
}
Event: 137.974 GC heap after
{Heap after GC invocations=152 (full 0):
 garbage-first heap   total 347136K, used 199863K [0x00000000a0000000, 0x0000000100000000)
  region size 1024K, 7 young (7168K), 7 survivors (7168K)
 Metaspace       used 139905K, capacity 144330K, committed 144636K, reserved 1175552K
  class space    used 17639K, capacity 19189K, committed 19276K, reserved 1048576K
}
Event: 138.488 GC heap before
{Heap before GC invocations=153 (full 0):
 garbage-first heap   total 347136K, used 285879K [0x00000000a0000000, 0x0000000100000000)
  region size 1024K, 89 young (91136K), 7 survivors (7168K)
 Metaspace       used 140090K, capacity 144522K, committed 144636K, reserved 1175552K
  class space    used 17639K, capacity 19189K, committed 19276K, reserved 1048576K
}
Event: 138.499 GC heap after
{Heap after GC invocations=154 (full 0):
 garbage-first heap   total 347136K, used 217225K [0x00000000a0000000, 0x0000000100000000)
  region size 1024K, 12 young (12288K), 12 survivors (12288K)
 Metaspace       used 140090K, capacity 144522K, committed 144636K, reserved 1175552K
  class space    used 17639K, capacity 19189K, committed 19276K, reserved 1048576K
}
Event: 138.516 GC heap before
{Heap before GC invocations=154 (full 0):
 garbage-first heap   total 347136K, used 221321K [0x00000000a0000000, 0x0000000100000000)
  region size 1024K, 16 young (16384K), 12 survivors (12288K)
 Metaspace       used 140090K, capacity 144522K, committed 144636K, reserved 1175552K
  class space    used 17639K, capacity 19189K, committed 19276K, reserved 1048576K
}
Event: 138.524 GC heap after
{Heap after GC invocations=155 (full 0):
 garbage-first heap   total 407552K, used 215501K [0x00000000a0000000, 0x0000000100000000)
  region size 1024K, 2 young (2048K), 2 survivors (2048K)
 Metaspace       used 140090K, capacity 144522K, committed 144636K, reserved 1175552K
  class space    used 17639K, capacity 19189K, committed 19276K, reserved 1048576K
}
Event: 139.710 GC heap before
{Heap before GC invocations=155 (full 0):
 garbage-first heap   total 407552K, used 326093K [0x00000000a0000000, 0x0000000100000000)
  region size 1024K, 102 young (104448K), 2 survivors (2048K)
 Metaspace       used 142996K, capacity 147405K, committed 147452K, reserved 1177600K
  class space    used 17943K, capacity 19487K, committed 19532K, reserved 1048576K
}
Event: 139.718 GC heap after
{Heap after GC invocations=156 (full 0):
 garbage-first heap   total 407552K, used 225186K [0x00000000a0000000, 0x0000000100000000)
  region size 1024K, 12 young (12288K), 12 survivors (12288K)
 Metaspace       used 142996K, capacity 147405K, committed 147452K, reserved 1177600K
  class space    used 17943K, capacity 19487K, committed 19532K, reserved 1048576K
}
Event: 140.244 GC heap before
{Heap before GC invocations=156 (full 0):
 garbage-first heap   total 407552K, used 275362K [0x00000000a0000000, 0x0000000100000000)
  region size 1024K, 62 young (63488K), 12 survivors (12288K)
 Metaspace       used 143231K, capacity 147697K, committed 147964K, reserved 1177600K
  class space    used 17956K, capacity 19520K, committed 19532K, reserved 1048576K
}
Event: 140.254 GC heap after
{Heap after GC invocations=157 (full 0):
 garbage-first heap   total 407552K, used 232161K [0x00000000a0000000, 0x0000000100000000)
  region size 1024K, 8 young (8192K), 8 survivors (8192K)
 Metaspace       used 143231K, capacity 147697K, committed 147964K, reserved 1177600K
  class space    used 17956K, capacity 19520K, committed 19532K, reserved 1048576K
}

