# JRE version: OpenJDK Runtime Environment (11.0.10) (build 11.0.10+0-b96-7249189)
# Java VM: OpenJDK 64-Bit Server VM (11.0.10+0-b96-7249189, mixed mode, tiered, compressed oops, g1 gc, windows-amd64)
Heap:
 garbage-first heap   total 262144K, used 165948K [0x00000000a0000000, 0x0000000100000000)
  region size 1024K, 19 young (19456K), 3 survivors (3072K)
 Metaspace       used 117853K, capacity 121624K, committed 121856K, reserved 1155072K
  class space    used 14809K, capacity 16098K, committed 16128K, reserved 1048576K
GC Heap History (20 events):
Event: 29.293 GC heap before
{Heap before GC invocations=23 (full 0):
 garbage-first heap   total 262144K, used 213888K [0x00000000a0000000, 0x0000000100000000)
  region size 1024K, 75 young (76800K), 9 survivors (9216K)
 Metaspace       used 113634K, capacity 117026K, committed 117248K, reserved 1150976K
  class space    used 14280K, capacity 15490K, committed 15616K, reserved 1048576K
}
Event: 29.303 GC heap after
{Heap after GC invocations=24 (full 0):
 garbage-first heap   total 262144K, used 153496K [0x00000000a0000000, 0x0000000100000000)
  region size 1024K, 8 young (8192K), 8 survivors (8192K)
 Metaspace       used 113634K, capacity 117026K, committed 117248K, reserved 1150976K
  class space    used 14280K, capacity 15490K, committed 15616K, reserved 1048576K
}
Event: 29.378 GC heap before
{Heap before GC invocations=24 (full 0):
 garbage-first heap   total 262144K, used 156568K [0x00000000a0000000, 0x0000000100000000)
  region size 1024K, 12 young (12288K), 8 survivors (8192K)
 Metaspace       used 113754K, capacity 117275K, committed 117504K, reserved 1150976K
  class space    used 14303K, capacity 15530K, committed 15616K, reserved 1048576K
}
Event: 29.384 GC heap after
{Heap after GC invocations=25 (full 0):
 garbage-first heap   total 262144K, used 152980K [0x00000000a0000000, 0x0000000100000000)
  region size 1024K, 2 young (2048K), 2 survivors (2048K)
 Metaspace       used 113754K, capacity 117275K, committed 117504K, reserved 1150976K
  class space    used 14303K, capacity 15530K, committed 15616K, reserved 1048576K
}
Event: 30.199 GC heap before
{Heap before GC invocations=25 (full 0):
 garbage-first heap   total 262144K, used 214420K [0x00000000a0000000, 0x0000000100000000)
  region size 1024K, 63 young (64512K), 2 survivors (2048K)
 Metaspace       used 115545K, capacity 119226K, committed 119552K, reserved 1153024K
  class space    used 14544K, capacity 15782K, committed 15872K, reserved 1048576K
}
Event: 30.210 GC heap after
{Heap after GC invocations=26 (full 0):
 garbage-first heap   total 262144K, used 162739K [0x00000000a0000000, 0x0000000100000000)
  region size 1024K, 8 young (8192K), 8 survivors (8192K)
 Metaspace       used 115545K, capacity 119226K, committed 119552K, reserved 1153024K
  class space    used 14544K, capacity 15782K, committed 15872K, reserved 1048576K
}
Event: 30.475 GC heap before
{Heap before GC invocations=27 (full 0):
 garbage-first heap   total 262144K, used 213939K [0x00000000a0000000, 0x0000000100000000)
  region size 1024K, 59 young (60416K), 8 survivors (8192K)
 Metaspace       used 115602K, capacity 119226K, committed 119552K, reserved 1153024K
  class space    used 14547K, capacity 15782K, committed 15872K, reserved 1048576K
}
Event: 30.482 GC heap after
{Heap after GC invocations=28 (full 0):
 garbage-first heap   total 262144K, used 167121K [0x00000000a0000000, 0x0000000100000000)
  region size 1024K, 5 young (5120K), 5 survivors (5120K)
 Metaspace       used 115602K, capacity 119226K, committed 119552K, reserved 1153024K
  class space    used 14547K, capacity 15782K, committed 15872K, reserved 1048576K
}
Event: 30.499 GC heap before
{Heap before GC invocations=28 (full 0):
 garbage-first heap   total 262144K, used 173265K [0x00000000a0000000, 0x0000000100000000)
  region size 1024K, 12 young (12288K), 5 survivors (5120K)
 Metaspace       used 115608K, capacity 119226K, committed 119552K, reserved 1153024K
  class space    used 14547K, capacity 15782K, committed 15872K, reserved 1048576K
}
Event: 30.510 GC heap after
{Heap after GC invocations=29 (full 0):
 garbage-first heap   total 262144K, used 149074K [0x00000000a0000000, 0x0000000100000000)
  region size 1024K, 2 young (2048K), 2 survivors (2048K)
 Metaspace       used 115608K, capacity 119226K, committed 119552K, reserved 1153024K
  class space    used 14547K, capacity 15782K, committed 15872K, reserved 1048576K
}
Event: 30.537 GC heap before
{Heap before GC invocations=29 (full 0):
 garbage-first heap   total 262144K, used 158290K [0x00000000a0000000, 0x0000000100000000)
  region size 1024K, 12 young (12288K), 2 survivors (2048K)
 Metaspace       used 115608K, capacity 119226K, committed 119552K, reserved 1153024K
  class space    used 14547K, capacity 15782K, committed 15872K, reserved 1048576K
}
Event: 30.542 GC heap after
{Heap after GC invocations=30 (full 0):
 garbage-first heap   total 262144K, used 146796K [0x00000000a0000000, 0x0000000100000000)
  region size 1024K, 2 young (2048K), 2 survivors (2048K)
 Metaspace       used 115608K, capacity 119226K, committed 119552K, reserved 1153024K
  class space    used 14547K, capacity 15782K, committed 15872K, reserved 1048576K
}
Event: 30.655 GC heap before
{Heap before GC invocations=30 (full 0):
 garbage-first heap   total 262144K, used 175468K [0x00000000a0000000, 0x0000000100000000)
  region size 1024K, 32 young (32768K), 2 survivors (2048K)
 Metaspace       used 115701K, capacity 119322K, committed 119552K, reserved 1153024K
  class space    used 14560K, capacity 15792K, committed 15872K, reserved 1048576K
}
Event: 30.659 GC heap after
{Heap after GC invocations=31 (full 0):
 garbage-first heap   total 262144K, used 150127K [0x00000000a0000000, 0x0000000100000000)
  region size 1024K, 5 young (5120K), 5 survivors (5120K)
 Metaspace       used 115701K, capacity 119322K, committed 119552K, reserved 1153024K
  class space    used 14560K, capacity 15792K, committed 15872K, reserved 1048576K
}
Event: 30.942 GC heap before
{Heap before GC invocations=32 (full 0):
 garbage-first heap   total 262144K, used 208495K [0x00000000a0000000, 0x0000000100000000)
  region size 1024K, 62 young (63488K), 5 survivors (5120K)
 Metaspace       used 115985K, capacity 119568K, committed 119808K, reserved 1153024K
  class space    used 14605K, capacity 15849K, committed 15872K, reserved 1048576K
}
Event: 30.947 GC heap after
{Heap after GC invocations=33 (full 0):
 garbage-first heap   total 262144K, used 154288K [0x00000000a0000000, 0x0000000100000000)
  region size 1024K, 8 young (8192K), 8 survivors (8192K)
 Metaspace       used 115985K, capacity 119568K, committed 119808K, reserved 1153024K
  class space    used 14605K, capacity 15849K, committed 15872K, reserved 1048576K
}
Event: 30.997 GC heap before
{Heap before GC invocations=33 (full 0):
 garbage-first heap   total 262144K, used 157360K [0x00000000a0000000, 0x0000000100000000)
  region size 1024K, 12 young (12288K), 8 survivors (8192K)
 Metaspace       used 116064K, capacity 119720K, committed 119808K, reserved 1153024K
  class space    used 14614K, capacity 15853K, committed 15872K, reserved 1048576K
}
Event: 31.004 GC heap after
{Heap after GC invocations=34 (full 0):
 garbage-first heap   total 262144K, used 150410K [0x00000000a0000000, 0x0000000100000000)
  region size 1024K, 2 young (2048K), 2 survivors (2048K)
 Metaspace       used 116064K, capacity 119720K, committed 119808K, reserved 1153024K
  class space    used 14614K, capacity 15853K, committed 15872K, reserved 1048576K
}
Event: 31.439 GC heap before
{Heap before GC invocations=34 (full 0):
 garbage-first heap   total 262144K, used 208778K [0x00000000a0000000, 0x0000000100000000)
  region size 1024K, 60 young (61440K), 2 survivors (2048K)
 Metaspace       used 117368K, capacity 121131K, committed 121344K, reserved 1155072K
  class space    used 14744K, capacity 16020K, committed 16128K, reserved 1048576K
}
Event: 31.444 GC heap after
{Heap after GC invocations=35 (full 0):
 garbage-first heap   total 262144K, used 151612K [0x00000000a0000000, 0x0000000100000000)
  region size 1024K, 3 young (3072K), 3 survivors (3072K)
 Metaspace       used 117368K, capacity 121131K, committed 121344K, reserved 1155072K
  class space    used 14744K, capacity 16020K, committed 16128K, reserved 1048576K
}

